Script exécuté le Fri Mar 27 14:16:59 UTC 2026
Script exécuté le Fri Mar 27 15:00:02 UTC 2026
Script exécuté le Fri Mar 27 16:00:01 UTC 2026
Script exécuté le Fri Mar 27 17:00:01 UTC 2026
Script exécuté le Fri Mar 27 18:00:01 UTC 2026
Script exécuté le Fri Mar 27 19:00:01 UTC 2026
Script exécuté le Fri Mar 27 20:00:01 UTC 2026
Script exécuté le Fri Mar 27 21:00:01 UTC 2026
Script exécuté le Fri Mar 27 22:00:01 UTC 2026
Script exécuté le Fri Mar 27 23:00:01 UTC 2026
Script exécuté le Sat Mar 28 00:00:01 UTC 2026
Script exécuté le Sat Mar 28 01:00:01 UTC 2026
Script exécuté le Sat Mar 28 02:00:01 UTC 2026
Script exécuté le Sat Mar 28 03:00:01 UTC 2026
Script exécuté le Sat Mar 28 04:00:01 UTC 2026
Script exécuté le Sat Mar 28 05:00:01 UTC 2026
Script exécuté le Sat Mar 28 06:00:01 UTC 2026
Script exécuté le Sat Mar 28 07:00:01 UTC 2026
Script exécuté le Sat Mar 28 08:00:01 UTC 2026
Script exécuté le Sat Mar 28 09:00:01 UTC 2026
Script exécuté le Sat Mar 28 10:00:01 UTC 2026
Script exécuté le Sat Mar 28 11:00:01 UTC 2026
Script exécuté le Sat Mar 28 12:00:01 UTC 2026
Script exécuté le Sat Mar 28 13:00:01 UTC 2026
Script exécuté le Sat Mar 28 14:00:01 UTC 2026
Script exécuté le Sat Mar 28 15:00:01 UTC 2026
Script exécuté le Sat Mar 28 16:00:01 UTC 2026
Script exécuté le Sat Mar 28 17:00:01 UTC 2026
Script exécuté le Sat Mar 28 18:00:01 UTC 2026
Script exécuté le Sat Mar 28 19:00:01 UTC 2026
Script exécuté le Sat Mar 28 20:00:01 UTC 2026
Script exécuté le Sat Mar 28 21:00:01 UTC 2026
Script exécuté le Sat Mar 28 22:00:01 UTC 2026
Script exécuté le Sat Mar 28 23:00:01 UTC 2026
Script exécuté le Sun Mar 29 00:00:01 UTC 2026
Script exécuté le Sun Mar 29 01:00:01 UTC 2026
Script exécuté le Sun Mar 29 02:00:02 UTC 2026
Script exécuté le Sun Mar 29 03:00:01 UTC 2026
Script exécuté le Sun Mar 29 04:00:01 UTC 2026
Script exécuté le Sun Mar 29 05:00:01 UTC 2026
Script exécuté le Sun Mar 29 06:00:01 UTC 2026
Script exécuté le Sun Mar 29 07:00:01 UTC 2026
Script exécuté le Sun Mar 29 08:00:01 UTC 2026
Script exécuté le Sun Mar 29 09:00:01 UTC 2026
Script exécuté le Sun Mar 29 10:00:01 UTC 2026
Script exécuté le Sun Mar 29 11:00:01 UTC 2026
Script exécuté le Sun Mar 29 12:00:01 UTC 2026
Script exécuté le Sun Mar 29 13:00:01 UTC 2026
Script exécuté le Sun Mar 29 14:00:01 UTC 2026
Script exécuté le Sun Mar 29 15:00:01 UTC 2026
Script exécuté le Sun Mar 29 16:00:01 UTC 2026
Script exécuté le Sun Mar 29 17:00:01 UTC 2026
Script exécuté le Sun Mar 29 18:00:01 UTC 2026
Script exécuté le Sun Mar 29 19:00:01 UTC 2026
Script exécuté le Sun Mar 29 20:00:01 UTC 2026
Script exécuté le Sun Mar 29 21:00:01 UTC 2026
Script exécuté le Sun Mar 29 22:00:01 UTC 2026
Script exécuté le Sun Mar 29 23:00:01 UTC 2026
Script exécuté le Mon Mar 30 00:00:01 UTC 2026
Script exécuté le Mon Mar 30 01:00:01 UTC 2026
Script exécuté le Mon Mar 30 02:00:01 UTC 2026
Script exécuté le Mon Mar 30 03:00:01 UTC 2026
Script exécuté le Mon Mar 30 04:00:01 UTC 2026
Script exécuté le Mon Mar 30 05:00:01 UTC 2026
Script exécuté le Mon Mar 30 06:00:01 UTC 2026
Script exécuté le Mon Mar 30 07:00:01 UTC 2026
Script exécuté le Mon Mar 30 08:00:01 UTC 2026
Script exécuté le Mon Mar 30 09:00:01 UTC 2026
Script exécuté le Mon Mar 30 10:00:01 UTC 2026
Script exécuté le Mon Mar 30 11:00:01 UTC 2026
Script exécuté le Mon Mar 30 12:00:01 UTC 2026
Script exécuté le Mon Mar 30 13:00:01 UTC 2026
Script exécuté le Mon Mar 30 14:00:01 UTC 2026
Script exécuté le Mon Mar 30 15:00:01 UTC 2026
Script exécuté le Mon Mar 30 16:00:01 UTC 2026
Script exécuté le Mon Mar 30 17:00:01 UTC 2026
Script exécuté le Mon Mar 30 18:00:01 UTC 2026
Script exécuté le Mon Mar 30 19:00:01 UTC 2026
Script exécuté le Mon Mar 30 20:00:01 UTC 2026
Script exécuté le Mon Mar 30 21:00:01 UTC 2026
Script exécuté le Mon Mar 30 22:00:02 UTC 2026
Script exécuté le Mon Mar 30 23:00:01 UTC 2026
Script exécuté le Tue Mar 31 00:00:01 UTC 2026
Script exécuté le Tue Mar 31 01:00:01 UTC 2026
Script exécuté le Tue Mar 31 02:00:01 UTC 2026
Script exécuté le Tue Mar 31 03:00:01 UTC 2026
Script exécuté le Tue Mar 31 04:00:01 UTC 2026
Script exécuté le Tue Mar 31 05:00:01 UTC 2026
Script exécuté le Tue Mar 31 06:00:01 UTC 2026
Script exécuté le Tue Mar 31 07:00:01 UTC 2026
Script exécuté le Tue Mar 31 08:00:01 UTC 2026
Script exécuté le Tue Mar 31 09:00:01 UTC 2026
Script exécuté le Tue Mar 31 10:00:01 UTC 2026
Script exécuté le Tue Mar 31 11:00:01 UTC 2026
Script exécuté le Tue Mar 31 12:00:01 UTC 2026
Script exécuté le Tue Mar 31 13:00:01 UTC 2026
Script exécuté le Tue Mar 31 14:00:01 UTC 2026
Script exécuté le Tue Mar 31 15:00:01 UTC 2026
Script exécuté le Tue Mar 31 16:00:01 UTC 2026
Script exécuté le Tue Mar 31 17:00:01 UTC 2026
Script exécuté le Tue Mar 31 18:00:01 UTC 2026
Script exécuté le Tue Mar 31 19:00:01 UTC 2026
Script exécuté le Tue Mar 31 20:00:01 UTC 2026
Script exécuté le Tue Mar 31 21:00:01 UTC 2026
Script exécuté le Tue Mar 31 22:00:01 UTC 2026
Script exécuté le Tue Mar 31 23:00:01 UTC 2026
Script exécuté le Wed Apr  1 00:00:01 UTC 2026
Script exécuté le Wed Apr  1 01:00:01 UTC 2026
Script exécuté le Wed Apr  1 02:00:01 UTC 2026
Script exécuté le Wed Apr  1 03:00:01 UTC 2026
Script exécuté le Wed Apr  1 04:00:01 UTC 2026
Script exécuté le Wed Apr  1 05:00:01 UTC 2026
Script exécuté le Wed Apr  1 06:00:01 UTC 2026
Script exécuté le Wed Apr  1 07:00:01 UTC 2026
Script exécuté le Wed Apr  1 08:00:01 UTC 2026
Script exécuté le Wed Apr  1 09:00:01 UTC 2026
Script exécuté le Wed Apr  1 10:00:01 UTC 2026
Script exécuté le Wed Apr  1 11:00:01 UTC 2026
Script exécuté le Wed Apr  1 12:00:01 UTC 2026
Script exécuté le Wed Apr  1 13:00:01 UTC 2026
Script exécuté le Wed Apr  1 14:00:01 UTC 2026
Script exécuté le Wed Apr  1 15:00:01 UTC 2026
Script exécuté le Wed Apr  1 16:00:01 UTC 2026
Script exécuté le Wed Apr  1 17:00:01 UTC 2026
Script exécuté le Wed Apr  1 18:00:02 UTC 2026
Script exécuté le Wed Apr  1 19:00:01 UTC 2026
Script exécuté le Wed Apr  1 20:00:01 UTC 2026
Script exécuté le Wed Apr  1 21:00:01 UTC 2026
Script exécuté le Wed Apr  1 22:00:01 UTC 2026
Script exécuté le Wed Apr  1 23:00:01 UTC 2026
Script exécuté le Thu Apr  2 00:00:01 UTC 2026
Script exécuté le Thu Apr  2 01:00:01 UTC 2026
Script exécuté le Thu Apr  2 02:00:01 UTC 2026
Script exécuté le Thu Apr  2 03:00:01 UTC 2026
Script exécuté le Thu Apr  2 04:00:01 UTC 2026
Script exécuté le Thu Apr  2 05:00:01 UTC 2026
Script exécuté le Thu Apr  2 06:00:01 UTC 2026
Script exécuté le Thu Apr  2 07:00:01 UTC 2026
Script exécuté le Thu Apr  2 08:00:01 UTC 2026
Script exécuté le Thu Apr  2 09:00:01 UTC 2026
Script exécuté le Thu Apr  2 10:00:01 UTC 2026
Script exécuté le Thu Apr  2 11:00:01 UTC 2026
Script exécuté le Thu Apr  2 12:00:01 UTC 2026
Script exécuté le Thu Apr  2 13:00:01 UTC 2026
Script exécuté le Thu Apr  2 14:00:01 UTC 2026
Script exécuté le Thu Apr  2 15:00:01 UTC 2026
Script exécuté le Thu Apr  2 16:00:01 UTC 2026
Script exécuté le Thu Apr  2 17:00:01 UTC 2026
Script exécuté le Thu Apr  2 18:00:01 UTC 2026
Script exécuté le Thu Apr  2 19:00:01 UTC 2026
Script exécuté le Thu Apr  2 20:00:01 UTC 2026
Script exécuté le Thu Apr  2 21:00:01 UTC 2026
Script exécuté le Thu Apr  2 22:00:01 UTC 2026
Script exécuté le Thu Apr  2 23:00:01 UTC 2026
Script exécuté le Fri Apr  3 00:00:01 UTC 2026
Script exécuté le Fri Apr  3 01:00:01 UTC 2026
Script exécuté le Fri Apr  3 02:00:01 UTC 2026
Script exécuté le Fri Apr  3 03:00:01 UTC 2026
Script exécuté le Fri Apr  3 04:00:01 UTC 2026
Script exécuté le Fri Apr  3 05:00:01 UTC 2026
Script exécuté le Fri Apr  3 06:00:01 UTC 2026
Script exécuté le Fri Apr  3 07:00:01 UTC 2026
Script exécuté le Fri Apr  3 08:00:01 UTC 2026
Script exécuté le Fri Apr  3 09:00:01 UTC 2026
Script exécuté le Fri Apr  3 10:00:01 UTC 2026
Script exécuté le Fri Apr  3 11:00:02 UTC 2026
Script exécuté le Fri Apr  3 12:00:01 UTC 2026
Script exécuté le Fri Apr  3 13:00:01 UTC 2026
Script exécuté le Fri Apr  3 14:00:01 UTC 2026
Script exécuté le Fri Apr  3 15:00:01 UTC 2026
Script exécuté le Fri Apr  3 16:00:01 UTC 2026
Script exécuté le Fri Apr  3 17:00:01 UTC 2026
Script exécuté le Fri Apr  3 18:00:01 UTC 2026
Script exécuté le Fri Apr  3 19:00:01 UTC 2026
Script exécuté le Fri Apr  3 20:00:01 UTC 2026
Script exécuté le Fri Apr  3 21:00:02 UTC 2026
Script exécuté le Fri Apr  3 22:00:01 UTC 2026
Script exécuté le Fri Apr  3 23:00:01 UTC 2026
Script exécuté le Sat Apr  4 00:00:01 UTC 2026
Script exécuté le Sat Apr  4 01:00:01 UTC 2026
Script exécuté le Sat Apr  4 02:00:01 UTC 2026
Script exécuté le Sat Apr  4 03:00:01 UTC 2026
Script exécuté le Sat Apr  4 04:00:02 UTC 2026
Script exécuté le Sat Apr  4 05:00:01 UTC 2026
Script exécuté le Sat Apr  4 06:00:01 UTC 2026
Script exécuté le Sat Apr  4 07:00:01 UTC 2026
Script exécuté le Sat Apr  4 08:00:01 UTC 2026
Script exécuté le Sat Apr  4 09:00:01 UTC 2026
Script exécuté le Sat Apr  4 10:00:01 UTC 2026
Script exécuté le Sat Apr  4 11:00:01 UTC 2026
Script exécuté le Sat Apr  4 12:00:01 UTC 2026
Script exécuté le Sat Apr  4 13:00:01 UTC 2026
Script exécuté le Sat Apr  4 14:00:01 UTC 2026
Script exécuté le Sat Apr  4 15:00:01 UTC 2026
Script exécuté le Sat Apr  4 16:00:01 UTC 2026
Script exécuté le Sat Apr  4 17:00:01 UTC 2026
Script exécuté le Sat Apr  4 18:00:01 UTC 2026
Script exécuté le Sat Apr  4 19:00:01 UTC 2026
Script exécuté le Sat Apr  4 20:00:01 UTC 2026
Script exécuté le Sat Apr  4 21:00:02 UTC 2026
Script exécuté le Sat Apr  4 22:00:01 UTC 2026
Script exécuté le Sat Apr  4 23:00:01 UTC 2026
Script exécuté le Sun Apr  5 00:00:01 UTC 2026
Script exécuté le Sun Apr  5 01:00:01 UTC 2026
Script exécuté le Sun Apr  5 02:00:01 UTC 2026
Script exécuté le Sun Apr  5 03:00:01 UTC 2026
Script exécuté le Sun Apr  5 04:00:01 UTC 2026
Script exécuté le Sun Apr  5 05:00:02 UTC 2026
Script exécuté le Sun Apr  5 06:00:01 UTC 2026
Script exécuté le Sun Apr  5 07:00:01 UTC 2026
Script exécuté le Sun Apr  5 08:00:01 UTC 2026
Script exécuté le Sun Apr  5 09:00:01 UTC 2026
Script exécuté le Sun Apr  5 10:00:01 UTC 2026
Script exécuté le Sun Apr  5 11:00:01 UTC 2026
Script exécuté le Sun Apr  5 12:00:01 UTC 2026
Script exécuté le Sun Apr  5 13:00:02 UTC 2026
Script exécuté le Sun Apr  5 14:00:01 UTC 2026
Script exécuté le Sun Apr  5 15:00:01 UTC 2026
Script exécuté le Sun Apr  5 16:00:01 UTC 2026
Script exécuté le Sun Apr  5 17:00:01 UTC 2026
Script exécuté le Sun Apr  5 18:00:01 UTC 2026
Script exécuté le Sun Apr  5 19:00:01 UTC 2026
Script exécuté le Sun Apr  5 20:00:01 UTC 2026
Script exécuté le Sun Apr  5 21:00:01 UTC 2026
Script exécuté le Sun Apr  5 22:00:02 UTC 2026
Script exécuté le Sun Apr  5 23:00:01 UTC 2026
Script exécuté le Mon Apr  6 00:00:01 UTC 2026
Script exécuté le Mon Apr  6 01:00:01 UTC 2026
Script exécuté le Mon Apr  6 02:00:01 UTC 2026
Script exécuté le Mon Apr  6 03:00:01 UTC 2026
Script exécuté le Mon Apr  6 04:00:01 UTC 2026
Script exécuté le Mon Apr  6 05:00:02 UTC 2026
Script exécuté le Mon Apr  6 06:00:01 UTC 2026
Script exécuté le Mon Apr  6 07:00:01 UTC 2026
Script exécuté le Mon Apr  6 08:00:01 UTC 2026
Script exécuté le Mon Apr  6 09:00:01 UTC 2026
Script exécuté le Mon Apr  6 10:00:01 UTC 2026
Script exécuté le Mon Apr  6 11:00:01 UTC 2026
Script exécuté le Mon Apr  6 12:00:01 UTC 2026
Script exécuté le Mon Apr  6 13:00:02 UTC 2026
Script exécuté le Mon Apr  6 14:00:01 UTC 2026
Script exécuté le Mon Apr  6 15:00:01 UTC 2026
Script exécuté le Mon Apr  6 16:00:01 UTC 2026
Script exécuté le Mon Apr  6 17:00:01 UTC 2026
Script exécuté le Mon Apr  6 18:00:01 UTC 2026
Script exécuté le Mon Apr  6 19:00:01 UTC 2026
Script exécuté le Mon Apr  6 20:00:01 UTC 2026
Script exécuté le Mon Apr  6 21:00:01 UTC 2026
Script exécuté le Mon Apr  6 22:00:02 UTC 2026
Script exécuté le Mon Apr  6 23:00:01 UTC 2026
Script exécuté le Tue Apr  7 00:00:01 UTC 2026
Script exécuté le Tue Apr  7 01:00:01 UTC 2026
Script exécuté le Tue Apr  7 02:00:01 UTC 2026
Script exécuté le Tue Apr  7 03:00:01 UTC 2026
Script exécuté le Tue Apr  7 04:00:01 UTC 2026
Script exécuté le Tue Apr  7 05:00:01 UTC 2026
Script exécuté le Tue Apr  7 06:00:01 UTC 2026
Script exécuté le Tue Apr  7 07:00:01 UTC 2026
Script exécuté le Tue Apr  7 08:00:01 UTC 2026
Script exécuté le Tue Apr  7 09:00:01 UTC 2026
Script exécuté le Tue Apr  7 10:00:01 UTC 2026
Script exécuté le Tue Apr  7 11:00:01 UTC 2026
Script exécuté le Tue Apr  7 12:00:01 UTC 2026
Script exécuté le Tue Apr  7 13:00:01 UTC 2026
Script exécuté le Tue Apr  7 14:00:01 UTC 2026
Script exécuté le Tue Apr  7 15:00:01 UTC 2026
Script exécuté le Tue Apr  7 16:00:02 UTC 2026
Script exécuté le Tue Apr  7 17:00:01 UTC 2026
Script exécuté le Tue Apr  7 18:00:01 UTC 2026
Script exécuté le Tue Apr  7 19:00:01 UTC 2026
Script exécuté le Tue Apr  7 20:00:01 UTC 2026
Script exécuté le Tue Apr  7 21:00:01 UTC 2026
Script exécuté le Tue Apr  7 22:00:01 UTC 2026
Script exécuté le Tue Apr  7 23:00:01 UTC 2026
Script exécuté le Wed Apr  8 00:00:01 UTC 2026
Script exécuté le Wed Apr  8 01:00:02 UTC 2026
Script exécuté le Wed Apr  8 02:00:01 UTC 2026
Script exécuté le Wed Apr  8 03:00:01 UTC 2026
Script exécuté le Wed Apr  8 04:00:01 UTC 2026
Script exécuté le Wed Apr  8 05:00:01 UTC 2026
Script exécuté le Wed Apr  8 06:00:01 UTC 2026
Script exécuté le Wed Apr  8 07:00:01 UTC 2026
Script exécuté le Wed Apr  8 08:00:02 UTC 2026
Script exécuté le Wed Apr  8 09:00:01 UTC 2026
Script exécuté le Wed Apr  8 10:00:01 UTC 2026
Script exécuté le Wed Apr  8 11:00:01 UTC 2026
Script exécuté le Wed Apr  8 12:00:01 UTC 2026
Script exécuté le Wed Apr  8 13:00:01 UTC 2026
Script exécuté le Wed Apr  8 14:00:01 UTC 2026
Script exécuté le Wed Apr  8 15:00:01 UTC 2026
Script exécuté le Wed Apr  8 16:00:01 UTC 2026
Script exécuté le Wed Apr  8 17:00:01 UTC 2026
Script exécuté le Wed Apr  8 18:00:02 UTC 2026
Script exécuté le Wed Apr  8 19:00:01 UTC 2026
Script exécuté le Wed Apr  8 20:00:01 UTC 2026
Script exécuté le Wed Apr  8 21:00:01 UTC 2026
Script exécuté le Wed Apr  8 22:00:01 UTC 2026
Script exécuté le Wed Apr  8 23:00:01 UTC 2026
Script exécuté le Thu Apr  9 00:00:01 UTC 2026
Script exécuté le Thu Apr  9 01:00:01 UTC 2026
Script exécuté le Thu Apr  9 02:00:01 UTC 2026
Script exécuté le Thu Apr  9 03:00:01 UTC 2026
Script exécuté le Thu Apr  9 04:00:01 UTC 2026
Script exécuté le Thu Apr  9 05:00:01 UTC 2026
Script exécuté le Thu Apr  9 06:00:01 UTC 2026
Script exécuté le Thu Apr  9 07:00:01 UTC 2026
Script exécuté le Thu Apr  9 08:00:01 UTC 2026
Script exécuté le Thu Apr  9 09:00:01 UTC 2026
Script exécuté le Thu Apr  9 10:00:01 UTC 2026
Script exécuté le Thu Apr  9 11:00:01 UTC 2026
Script exécuté le Thu Apr  9 12:00:01 UTC 2026
Script exécuté le Thu Apr  9 13:00:01 UTC 2026
Script exécuté le Thu Apr  9 14:00:01 UTC 2026
Script exécuté le Thu Apr  9 15:00:01 UTC 2026
Script exécuté le Thu Apr  9 16:00:01 UTC 2026
Script exécuté le Thu Apr  9 17:00:01 UTC 2026
Script exécuté le Thu Apr  9 18:00:02 UTC 2026
Script exécuté le Thu Apr  9 19:00:01 UTC 2026
Script exécuté le Thu Apr  9 20:00:01 UTC 2026
Script exécuté le Thu Apr  9 21:00:01 UTC 2026
Script exécuté le Thu Apr  9 22:00:01 UTC 2026
Script exécuté le Thu Apr  9 23:00:01 UTC 2026
Script exécuté le Fri Apr 10 00:00:01 UTC 2026
Script exécuté le Fri Apr 10 01:00:01 UTC 2026
Script exécuté le Fri Apr 10 02:00:02 UTC 2026
Script exécuté le Fri Apr 10 03:00:01 UTC 2026
Script exécuté le Fri Apr 10 04:00:01 UTC 2026
Script exécuté le Fri Apr 10 05:00:01 UTC 2026
Script exécuté le Fri Apr 10 06:00:01 UTC 2026
Script exécuté le Fri Apr 10 07:00:01 UTC 2026
Script exécuté le Fri Apr 10 08:00:01 UTC 2026
Script exécuté le Fri Apr 10 09:00:01 UTC 2026
Script exécuté le Fri Apr 10 10:00:02 UTC 2026
Script exécuté le Fri Apr 10 11:00:01 UTC 2026
Script exécuté le Fri Apr 10 12:00:01 UTC 2026
Script exécuté le Fri Apr 10 13:00:01 UTC 2026
Script exécuté le Fri Apr 10 14:00:01 UTC 2026
Script exécuté le Fri Apr 10 15:00:01 UTC 2026
Script exécuté le Fri Apr 10 15:22:29 UTC 2026
Script exécuté le Fri Apr 10 16:00:01 UTC 2026
Script exécuté le Fri Apr 10 17:00:01 UTC 2026
Script exécuté le Fri Apr 10 18:00:01 UTC 2026
Script exécuté le Fri Apr 10 19:00:01 UTC 2026
Script exécuté le Fri Apr 10 20:00:01 UTC 2026
Script exécuté le Fri Apr 10 21:00:01 UTC 2026
Script exécuté le Fri Apr 10 22:00:01 UTC 2026
Script exécuté le Fri Apr 10 23:00:01 UTC 2026
Script exécuté le Sat Apr 11 00:00:01 UTC 2026
Script exécuté le Sat Apr 11 01:00:01 UTC 2026
Script exécuté le Sat Apr 11 02:00:01 UTC 2026
Script exécuté le Sat Apr 11 03:00:01 UTC 2026
Script exécuté le Sat Apr 11 04:00:01 UTC 2026
Script exécuté le Sat Apr 11 05:00:01 UTC 2026
Script exécuté le Sat Apr 11 06:00:01 UTC 2026
Script exécuté le Sat Apr 11 07:00:01 UTC 2026
Script exécuté le Sat Apr 11 08:00:01 UTC 2026
Script exécuté le Sat Apr 11 09:00:01 UTC 2026
Script exécuté le Sat Apr 11 10:00:01 UTC 2026
Script exécuté le Sat Apr 11 11:00:01 UTC 2026
Script exécuté le Sat Apr 11 12:00:01 UTC 2026
Script exécuté le Sat Apr 11 13:00:01 UTC 2026
Script exécuté le Sat Apr 11 14:00:01 UTC 2026
Script exécuté le Sat Apr 11 15:00:01 UTC 2026
Script exécuté le Sat Apr 11 16:00:01 UTC 2026
Script exécuté le Sat Apr 11 17:00:01 UTC 2026
Script exécuté le Sat Apr 11 18:00:02 UTC 2026
Script exécuté le Sat Apr 11 19:00:01 UTC 2026
Script exécuté le Sat Apr 11 20:00:01 UTC 2026
Script exécuté le Sat Apr 11 21:00:01 UTC 2026
Script exécuté le Sat Apr 11 22:00:01 UTC 2026
Script exécuté le Sat Apr 11 23:00:01 UTC 2026
Script exécuté le Sun Apr 12 00:00:01 UTC 2026
Script exécuté le Sun Apr 12 01:00:01 UTC 2026
Script exécuté le Sun Apr 12 02:00:01 UTC 2026
Script exécuté le Sun Apr 12 03:00:01 UTC 2026
Script exécuté le Sun Apr 12 04:00:01 UTC 2026
Script exécuté le Sun Apr 12 05:00:01 UTC 2026
Script exécuté le Sun Apr 12 06:00:01 UTC 2026
Script exécuté le Sun Apr 12 07:00:01 UTC 2026
Script exécuté le Sun Apr 12 08:00:01 UTC 2026
Script exécuté le Sun Apr 12 09:00:01 UTC 2026
Script exécuté le Sun Apr 12 10:00:01 UTC 2026
Script exécuté le Sun Apr 12 11:00:01 UTC 2026
Script exécuté le Sun Apr 12 12:00:01 UTC 2026
Script exécuté le Sun Apr 12 13:00:01 UTC 2026
Script exécuté le Sun Apr 12 14:00:01 UTC 2026
Script exécuté le Sun Apr 12 15:00:01 UTC 2026
Script exécuté le Sun Apr 12 16:00:01 UTC 2026
Script exécuté le Sun Apr 12 17:00:01 UTC 2026
Script exécuté le Sun Apr 12 18:00:01 UTC 2026
Script exécuté le Sun Apr 12 19:00:01 UTC 2026
Script exécuté le Sun Apr 12 20:00:01 UTC 2026
Script exécuté le Sun Apr 12 21:00:01 UTC 2026
Script exécuté le Sun Apr 12 22:00:01 UTC 2026
Script exécuté le Sun Apr 12 23:00:01 UTC 2026
Script exécuté le Mon Apr 13 00:00:01 UTC 2026
Script exécuté le Mon Apr 13 01:00:01 UTC 2026
Script exécuté le Mon Apr 13 02:00:01 UTC 2026
Script exécuté le Mon Apr 13 03:00:01 UTC 2026
Script exécuté le Mon Apr 13 04:00:01 UTC 2026
Script exécuté le Mon Apr 13 05:00:01 UTC 2026
Script exécuté le Mon Apr 13 06:00:01 UTC 2026
Script exécuté le Mon Apr 13 07:00:01 UTC 2026
Script exécuté le Mon Apr 13 08:00:01 UTC 2026
Script exécuté le Mon Apr 13 09:00:01 UTC 2026
Script exécuté le Mon Apr 13 10:00:01 UTC 2026
Script exécuté le Mon Apr 13 11:00:01 UTC 2026
Script exécuté le Mon Apr 13 12:00:01 UTC 2026
Script exécuté le Mon Apr 13 13:00:01 UTC 2026
Script exécuté le Mon Apr 13 14:00:01 UTC 2026
Script exécuté le Mon Apr 13 15:00:02 UTC 2026
Script exécuté le Mon Apr 13 16:00:01 UTC 2026
Script exécuté le Mon Apr 13 17:00:01 UTC 2026
Script exécuté le Mon Apr 13 18:00:01 UTC 2026
Script exécuté le Mon Apr 13 19:00:01 UTC 2026
Script exécuté le Mon Apr 13 20:00:01 UTC 2026
Script exécuté le Mon Apr 13 21:00:01 UTC 2026
Script exécuté le Mon Apr 13 22:00:02 UTC 2026
Script exécuté le Mon Apr 13 23:00:01 UTC 2026
Script exécuté le Tue Apr 14 00:00:01 UTC 2026
Script exécuté le Tue Apr 14 01:00:01 UTC 2026
Script exécuté le Tue Apr 14 02:00:01 UTC 2026
Script exécuté le Tue Apr 14 03:00:01 UTC 2026
Script exécuté le Tue Apr 14 04:00:01 UTC 2026
Script exécuté le Tue Apr 14 05:00:02 UTC 2026
Script exécuté le Tue Apr 14 06:00:01 UTC 2026
Script exécuté le Tue Apr 14 07:00:01 UTC 2026
Script exécuté le Tue Apr 14 08:00:01 UTC 2026
Script exécuté le Tue Apr 14 09:00:01 UTC 2026
Script exécuté le Tue Apr 14 10:00:01 UTC 2026
Script exécuté le Tue Apr 14 11:00:01 UTC 2026
Script exécuté le Tue Apr 14 12:00:01 UTC 2026
Script exécuté le Tue Apr 14 13:00:01 UTC 2026
Script exécuté le Tue Apr 14 14:00:01 UTC 2026
Script exécuté le Tue Apr 14 15:00:01 UTC 2026
Script exécuté le Tue Apr 14 16:00:01 UTC 2026
Script exécuté le Tue Apr 14 17:00:01 UTC 2026
Script exécuté le Tue Apr 14 18:00:01 UTC 2026
Script exécuté le Tue Apr 14 19:00:01 UTC 2026
Script exécuté le Tue Apr 14 20:00:02 UTC 2026
Script exécuté le Tue Apr 14 21:00:01 UTC 2026
Script exécuté le Tue Apr 14 22:00:01 UTC 2026
Script exécuté le Tue Apr 14 23:00:01 UTC 2026
Script exécuté le Wed Apr 15 00:00:01 UTC 2026
Script exécuté le Wed Apr 15 01:00:01 UTC 2026
Script exécuté le Wed Apr 15 02:00:01 UTC 2026
Script exécuté le Wed Apr 15 03:00:02 UTC 2026
Script exécuté le Wed Apr 15 04:00:01 UTC 2026
Script exécuté le Wed Apr 15 05:00:01 UTC 2026
Script exécuté le Wed Apr 15 06:00:01 UTC 2026
Script exécuté le Wed Apr 15 07:00:01 UTC 2026
Script exécuté le Wed Apr 15 08:00:01 UTC 2026
Script exécuté le Wed Apr 15 09:00:01 UTC 2026
Script exécuté le Wed Apr 15 10:00:02 UTC 2026
Script exécuté le Wed Apr 15 11:00:01 UTC 2026
Script exécuté le Wed Apr 15 12:00:01 UTC 2026
Script exécuté le Wed Apr 15 13:00:01 UTC 2026
Script exécuté le Wed Apr 15 14:00:01 UTC 2026
Script exécuté le Wed Apr 15 15:00:01 UTC 2026
Script exécuté le Wed Apr 15 16:00:01 UTC 2026
Script exécuté le Wed Apr 15 17:00:02 UTC 2026
Script exécuté le Wed Apr 15 18:00:01 UTC 2026
Script exécuté le Wed Apr 15 19:00:01 UTC 2026
Script exécuté le Wed Apr 15 20:00:01 UTC 2026
Script exécuté le Wed Apr 15 21:00:01 UTC 2026
Script exécuté le Wed Apr 15 22:00:01 UTC 2026
Script exécuté le Wed Apr 15 23:00:01 UTC 2026
Script exécuté le Thu Apr 16 00:00:01 UTC 2026
Script exécuté le Thu Apr 16 01:00:01 UTC 2026
Script exécuté le Thu Apr 16 02:00:01 UTC 2026
Script exécuté le Thu Apr 16 03:00:01 UTC 2026
Script exécuté le Thu Apr 16 04:00:01 UTC 2026
Script exécuté le Thu Apr 16 05:00:01 UTC 2026
Script exécuté le Thu Apr 16 06:00:01 UTC 2026
Script exécuté le Thu Apr 16 07:00:01 UTC 2026
Script exécuté le Thu Apr 16 08:00:01 UTC 2026
Script exécuté le Thu Apr 16 09:00:01 UTC 2026
Script exécuté le Thu Apr 16 10:00:01 UTC 2026
Script exécuté le Thu Apr 16 11:00:01 UTC 2026
Script exécuté le Thu Apr 16 12:00:01 UTC 2026
Script exécuté le Thu Apr 16 13:00:01 UTC 2026
Script exécuté le Thu Apr 16 14:00:01 UTC 2026
Script exécuté le Thu Apr 16 15:00:02 UTC 2026
Script exécuté le Thu Apr 16 16:00:01 UTC 2026
Script exécuté le Thu Apr 16 17:00:01 UTC 2026
Script exécuté le Thu Apr 16 18:00:01 UTC 2026
Script exécuté le Thu Apr 16 19:00:01 UTC 2026
Script exécuté le Thu Apr 16 20:00:01 UTC 2026
Script exécuté le Thu Apr 16 20:52:45 UTC 2026
Script exécuté le Thu Apr 16 21:00:01 UTC 2026
Script exécuté le Thu Apr 16 22:00:01 UTC 2026
Script exécuté le Thu Apr 16 23:00:01 UTC 2026
Script exécuté le Fri Apr 17 00:00:01 UTC 2026
Script exécuté le Fri Apr 17 01:00:01 UTC 2026
Script exécuté le Fri Apr 17 02:00:01 UTC 2026
Script exécuté le Fri Apr 17 03:00:01 UTC 2026
Script exécuté le Fri Apr 17 04:00:01 UTC 2026
Script exécuté le Fri Apr 17 05:00:01 UTC 2026
Script exécuté le Fri Apr 17 06:00:01 UTC 2026
Script exécuté le Fri Apr 17 07:00:01 UTC 2026
Script exécuté le Fri Apr 17 08:00:01 UTC 2026
Script exécuté le Fri Apr 17 09:00:01 UTC 2026
Script exécuté le Fri Apr 17 10:00:01 UTC 2026
Script exécuté le Fri Apr 17 11:00:01 UTC 2026
Script exécuté le Fri Apr 17 12:00:01 UTC 2026
Script exécuté le Fri Apr 17 13:00:01 UTC 2026
Script exécuté le Fri Apr 17 13:27:05 UTC 2026
Script exécuté le Fri Apr 17 14:00:01 UTC 2026
