Diagnose log at 2026-02-13T18:00:05Z

AppPath: C:\Program Files\Git\mingw64\bin\git-credential-manager.exe
InstallDir: C:\Program Files\Git\mingw64\bin\
Version: 2.7.0+d1dd8a4ded75a2b1faae653157ac1699609442ad

------------
Diagnostic: Environment
Skipped: False
Success: True
Exception: None
Log:
OSType: Windows
OSVersion: 10.0 (build 26200)
Reading environment variables... OK
 Variables:
OneDriveConsumer=C:\Users\hanid\OneDrive
ProgramFiles(x86)=C:\Program Files (x86)
MSYSTEM=MINGW64
ProgramW6432=C:\Program Files
ChocolateyInstall=C:\ProgramData\chocolatey
PROCESSOR_IDENTIFIER=AMD64 Family 23 Model 104 Stepping 1, AuthenticAMD
CONDA_PREFIX=C:\tools\miniforge3
TMP=C:\Users\hanid\AppData\Local\Temp
PROCESSOR_ARCHITECTURE=AMD64
Path=C:/Program Files/Git/mingw64/libexec/git-core;C:\Program Files\Git\mingw64\bin;C:\Program Files\Git\usr\bin;C:\Users\hanid\bin;C:\tools\miniforge3;C:\tools\miniforge3\Library\mingw-w64\bin;C:\tools\miniforge3\Library\usr\bin;C:\tools\miniforge3\Library\bin;C:\tools\miniforge3\Scripts;C:\tools\miniforge3\bin;C:\tools\miniforge3\condabin;C:\Windows\system32;C:\Windows;C:\Windows\System32\Wbem;C:\Windows\System32\WindowsPowerShell\v1.0;C:\Windows\System32\OpenSSH;C:\Program Files\PuTTY;C:\Program Files (x86)\Microsoft SQL Server\170\Tools\Binn;C:\Program Files\Microsoft SQL Server\170\Tools\Binn;C:\Program Files\Microsoft SQL Server\Client SDK\ODBC\180\Tools\Binn;C:\Program Files\Microsoft SQL Server\170\DTS\Binn;C:\ProgramData\chocolatey\bin;C:\Program Files\Git\cmd;C:\Users\hanid\AppData\Local\Microsoft\WindowsApps;C:\Users\hanid\AppData\Local\Programs\Microsoft VS Code\bin;C:\Users\hanid\AppData\Local\GitHubDesktop\bin;C:\tools\miniforge3;C:\tools\miniforge3\Scripts;C:\tools\miniforge3\Library\bin
_CONDA_EXE=C:\tools\miniforge3\Scripts\conda.exe
__CONDA_OPENSSL_CERT_FILE_SET=1
WSLENV=WT_SESSION:WT_PROFILE_ID:
CONDA_SHLVL=1
PROCESSOR_REVISION=6801
ChocolateyLastPathUpdate=134136598499445981
USERPROFILE=C:\Users\hanid
LOGONSERVER=\\HANIDAMOUCHE
TEMP=C:\Users\hanid\AppData\Local\Temp
USERNAME=hanid
SystemRoot=C:\Windows
CONDA_EXE=C:\tools\miniforge3\Scripts\conda.exe
GIT_EXEC_PATH=C:/Program Files/Git/mingw64/libexec/git-core
PLINK_PROTOCOL=ssh
OneDrive=C:\Users\hanid\OneDrive
USERDOMAIN_ROAMINGPROFILE=HANIDAMOUCHE
CommonProgramFiles=C:\Program Files\Common Files
CONDA_PROMPT_MODIFIER=(base) 
WT_PROFILE_ID={61c54bbd-c2c6-5271-96e7-009a87ff44bf}
ProgramData=C:\ProgramData
LC_CTYPE=C.UTF-8
XML_CATALOG_FILES=file:///C:/tools/miniforge3/etc/xml/catalog
HOMEPATH=\Users\hanid
WT_SESSION=1cbe6fb1-4df6-4347-864b-520d5ee85df3
_CONDA_ROOT=C:\tools\miniforge3
COMPUTERNAME=HANIDAMOUCHE
ALLUSERSPROFILE=C:\ProgramData
CommonProgramW6432=C:\Program Files\Common Files
SSL_CERT_DIR=C:\tools\miniforge3\Library\ssl\certs
CONDA_PYTHON_EXE=C:\tools\miniforge3\python.exe
TERM=xterm-256color
PT8HOME=C:\Program Files\Cisco Packet Tracer 9.0.0
SSL_CERT_FILE=C:\tools\miniforge3\Library\ssl\cacert.pem
SESSIONNAME=Console
DriverData=C:\Windows\System32\Drivers\DriverData
HOMEDRIVE=C:
CONDA_DEFAULT_ENV=base
windir=C:\Windows
GIT_TRACE2_PARENT_SID=6848ee92-f7ca-4aee-a562-1521f89a9b3e
SystemDrive=C:
NUMBER_OF_PROCESSORS=16
OS=Windows_NT
ProgramFiles=C:\Program Files
ComSpec=C:\Windows\system32\cmd.exe
__CONDA_OPENSSL_CERT_DIR_SET=1
PATHEXT=.COM;.EXE;.BAT;.CMD;.VBS;.VBE;.JS;.JSE;.WSF;.WSH;.MSC;.CPL
HOME=C:\Users\hanid
PSModulePath=C:\Users\hanid\Documents\WindowsPowerShell\Modules;C:\Program Files\WindowsPowerShell\Modules;C:\Windows\system32\WindowsPowerShell\v1.0\Modules;C:\Program Files\Microsoft SQL Server\170\Tools\PowerShell\Modules\
TMPDIR=C:\Users\hanid\AppData\Local\Temp
ChocolateyToolsLocation=C:\tools
APPDATA=C:\Users\hanid\AppData\Roaming
USERDOMAIN=HANIDAMOUCHE
PROCESSOR_LEVEL=23
LOCALAPPDATA=C:\Users\hanid\AppData\Local
CommonProgramFiles(x86)=C:\Program Files (x86)\Common Files
COLORTERM=truecolor
PUBLIC=C:\Users\Public


------------
Diagnostic: File system
Skipped: False
Success: True
Exception: None
Log:
Temporary directory is 'C:\Users\hanid\AppData\Local\Temp\'...
Checking basic file I/O...
Writing to temporary file 'C:\Users\hanid\AppData\Local\Temp\4fea483a9e2eb43ce400ca62'... OK
Reading from temporary file 'C:\Users\hanid\AppData\Local\Temp\4fea483a9e2eb43ce400ca62'... OK
Deleting temporary file 'C:\Users\hanid\AppData\Local\Temp\4fea483a9e2eb43ce400ca62'... OK
Testing IFileSystem instance...
UserHomePath: C:\Users\hanid
UserDataDirectoryPath: C:\Users\hanid\.gcm
GetCurrentDirectory(): C:\Users\hanid\Developer\INF1102-201-26H-05\3.IaC

------------
Diagnostic: Networking
Skipped: False
Success: True
Exception: None
Log:
Checking networking and HTTP stack...
Creating HTTP client... OK
IsNetworkAvailable: True
Sending HEAD request to http://example.com...Sending HEAD request to https://example.com... OK
 OK
Acquiring free TCP port... OK
Testing local HTTP loopback connections...
Creating new HTTP listener for http://localhost:61458/... OK
Waiting for loopback connection... OK
Writing response... OK
Waiting for response data... OK
Loopback connection data OK

------------
Diagnostic: Git
Skipped: False
Success: True
Exception: None
Log:
Getting Git version... OK
Git version is '2.53.0.windows.1'
Locating current repository...Git repository at 'C:/Users/hanid/Developer/INF1102-201-26H-05/.git'
 OK
Listing all Git configuration... OK
Git configuration:
file:C:/Program Files/Git/etc/gitconfig	diff.astextplain.textconv=astextplain
file:C:/Program Files/Git/etc/gitconfig	filter.lfs.clean=git-lfs clean -- %f
file:C:/Program Files/Git/etc/gitconfig	filter.lfs.smudge=git-lfs smudge -- %f
file:C:/Program Files/Git/etc/gitconfig	filter.lfs.process=git-lfs filter-process
file:C:/Program Files/Git/etc/gitconfig	filter.lfs.required=true
file:C:/Program Files/Git/etc/gitconfig	http.sslbackend=schannel
file:C:/Program Files/Git/etc/gitconfig	core.autocrlf=true
file:C:/Program Files/Git/etc/gitconfig	core.fscache=true
file:C:/Program Files/Git/etc/gitconfig	core.symlinks=false
file:C:/Program Files/Git/etc/gitconfig	pull.rebase=false
file:C:/Program Files/Git/etc/gitconfig	credential.helper=manager
file:C:/Program Files/Git/etc/gitconfig	credential.https://dev.azure.com.usehttppath=true
file:C:/Program Files/Git/etc/gitconfig	init.defaultbranch=master
file:C:/Users/hanid/.gitconfig	filter.lfs.smudge=git-lfs smudge -- %f
file:C:/Users/hanid/.gitconfig	filter.lfs.process=git-lfs filter-process
file:C:/Users/hanid/.gitconfig	filter.lfs.required=true
file:C:/Users/hanid/.gitconfig	filter.lfs.clean=git-lfs clean -- %f
file:C:/Users/hanid/.gitconfig	user.name=hanichou
file:C:/Users/hanid/.gitconfig	user.email=haniaghilas20@gmail.com
file:.git/config	core.repositoryformatversion=0
file:.git/config	core.filemode=false
file:.git/config	core.bare=false
file:.git/config	core.logallrefupdates=true
file:.git/config	core.symlinks=false
file:.git/config	core.ignorecase=true
file:.git/config	remote.origin.url=https://github.com/CollegeBoreal/INF1102-201-26H-05.git
file:.git/config	remote.origin.fetch=+refs/heads/*:refs/remotes/origin/*
file:.git/config	branch.main.remote=origin
file:.git/config	branch.main.merge=refs/heads/main


------------
Diagnostic: Credential storage
Skipped: False
Success: True
Exception: None
Log:
ICredentialStore instance is of type: CredentialStore
Writing test credential... OK
Reading test credential... OK
Deleting test credential... OK

------------
Diagnostic: Microsoft authentication (AAD/MSA)
Skipped: False
Success: True
Exception: None
Log:
Broker is not enabled.
Flow type is: Auto
Gathering MSAL token cache data... OK
CacheDirectory: C:\Users\hanid\AppData\Local\.IdentityService
CacheFileName: msal.cache
CacheFilePath: C:\Users\hanid\AppData\Local\.IdentityService\msal.cache
Creating cache helper... OK
Verifying MSAL token cache persistence... OK

------------
Diagnostic: GitHub API
Skipped: False
Success: True
Exception: None
Log:
Using 'https://github.com/' as API target.
Querying '/meta' endpoint... OK

